<?xml version="1.0" encoding="UTF-8"?>
<testsuite name="TestRunner.Runner" time="0.01" tests="6" errors="0" skipped="0" failures="0">
  <properties>
[...]
</properties>
  <testcase name="Given user launches browser" classname="| J.P.Morgan Chase | Home | JPMorgan Chase &amp; Co. |" time="0.009"/>
  <testcase name="Then user opens google homepage" classname="| J.P.Morgan Chase | Home | JPMorgan Chase &amp; Co. |" time="0.001"/>
  <testcase name="When user searches given data&quot;J.P.Morgan Chase&quot;" classname="| J.P.Morgan Chase | Home | JPMorgan Chase &amp; Co. |" time="0"/>
  <testcase name="Then user clicks on the first record" classname="| J.P.Morgan Chase | Home | JPMorgan Chase &amp; Co. |" time="0"/>
  <testcase name="And verify the logo&quot;Home | JPMorgan Chase &amp; Co.&quot;" classname="| J.P.Morgan Chase | Home | JPMorgan Chase &amp; Co. |" time="0"/>
  <testcase name="| J.P.Morgan Chase | Home | JPMorgan Chase &amp; Co. |" classname="| J.P.Morgan Chase | Home | JPMorgan Chase &amp; Co. |" time="0"/>
</testsuite>